DEBUG:urllib3.connectionpool:Starting new HTTPS connection (1): www.accountingcoach.com:443
DEBUG:urllib3.connectionpool:https://www.accountingcoach.com:443 "GET /blog HTTP/1.1" 200 None
INFO:root:[Task: Account Coach]# of topics available: 35
DEBUG:urllib3.connectionpool:Starting new HTTPS connection (1): www.accountingcoach.com:443
DEBUG:urllib3.connectionpool:Starting new HTTPS connection (1): www.accountingcoach.com:443
DEBUG:urllib3.connectionpool:Starting new HTTPS connection (1): www.accountingcoach.com:443
DEBUG:urllib3.connectionpool:Starting new HTTPS connection (1): www.accountingcoach.com:443
DEBUG:urllib3.connectionpool:Starting new HTTPS connection (1): www.accountingcoach.com:443
DEBUG:urllib3.connectionpool:https://www.accountingcoach.com:443 "GET /chart-of-accounts/blog HTTP/1.1" 200 None
DEBUG:urllib3.connectionpool:https://www.accountingcoach.com:443 "GET /debits-and-credits/blog HTTP/1.1" 200 None
DEBUG:urllib3.connectionpool:https://www.accountingcoach.com:443 "GET /accounting-equation/blog HTTP/1.1" 200 None
DEBUG:urllib3.connectionpool:https://www.accountingcoach.com:443 "GET /accounting-basics/blog HTTP/1.1" 200 None
DEBUG:urllib3.connectionpool:https://www.accountingcoach.com:443 "GET /bookkeeping/blog HTTP/1.1" 200 None
DEBUG:urllib3.connectionpool:Starting new HTTPS connection (1): www.accountingcoach.com:443
DEBUG:urllib3.connectionpool:Starting new HTTPS connection (1): www.accountingcoach.com:443
DEBUG:urllib3.connectionpool:https://www.accountingcoach.com:443 "GET /accounting-principles/blog HTTP/1.1" 200 None
DEBUG:urllib3.connectionpool:https://www.accountingcoach.com:443 "GET /financial-accounting/blog HTTP/1.1" 200 None
DEBUG:urllib3.connectionpool:Starting new HTTPS connection (1): www.accountingcoach.com:443
DEBUG:urllib3.connectionpool:Starting new HTTPS connection (1): www.accountingcoach.com:443
DEBUG:urllib3.connectionpool:Starting new HTTPS connection (1): www.accountingcoach.com:443
DEBUG:urllib3.connectionpool:Starting new HTTPS connection (1): www.accountingcoach.com:443
DEBUG:urllib3.connectionpool:https://www.accountingcoach.com:443 "GET /adjusting-entries/blog HTTP/1.1" 200 None
DEBUG:urllib3.connectionpool:https://www.accountingcoach.com:443 "GET /income-statement/blog HTTP/1.1" 200 None
DEBUG:urllib3.connectionpool:Starting new HTTPS connection (1): www.accountingcoach.com:443
DEBUG:urllib3.connectionpool:https://www.accountingcoach.com:443 "GET /cash-flow-statement/blog HTTP/1.1" 200 None
DEBUG:urllib3.connectionpool:Starting new HTTPS connection (1): www.accountingcoach.com:443
DEBUG:urllib3.connectionpool:https://www.accountingcoach.com:443 "GET /financial-ratios/blog HTTP/1.1" 200 None
DEBUG:urllib3.connectionpool:Starting new HTTPS connection (1): www.accountingcoach.com:443
DEBUG:urllib3.connectionpool:Starting new HTTPS connection (1): www.accountingcoach.com:443
DEBUG:urllib3.connectionpool:https://www.accountingcoach.com:443 "GET /bank-reconciliation/blog HTTP/1.1" 200 None
DEBUG:urllib3.connectionpool:https://www.accountingcoach.com:443 "GET /accounts-receivable-and-bad-debts-expense/blog HTTP/1.1" 200 None
DEBUG:urllib3.connectionpool:Starting new HTTPS connection (1): www.accountingcoach.com:443
DEBUG:urllib3.connectionpool:https://www.accountingcoach.com:443 "GET /accounts-payable/blog HTTP/1.1" 200 None
DEBUG:urllib3.connectionpool:Starting new HTTPS connection (1): www.accountingcoach.com:443
DEBUG:urllib3.connectionpool:Starting new HTTPS connection (1): www.accountingcoach.com:443
DEBUG:urllib3.connectionpool:https://www.accountingcoach.com:443 "GET /inventory-and-cost-of-goods-sold/blog HTTP/1.1" 200 None
DEBUG:urllib3.connectionpool:https://www.accountingcoach.com:443 "GET /depreciation/blog HTTP/1.1" 200 None
DEBUG:urllib3.connectionpool:https://www.accountingcoach.com:443 "GET /balance-sheet/blog HTTP/1.1" 200 None
DEBUG:urllib3.connectionpool:Starting new HTTPS connection (1): www.accountingcoach.com:443
DEBUG:urllib3.connectionpool:Starting new HTTPS connection (1): www.accountingcoach.com:443
DEBUG:urllib3.connectionpool:Starting new HTTPS connection (1): www.accountingcoach.com:443
DEBUG:urllib3.connectionpool:https://www.accountingcoach.com:443 "GET /payroll-accounting/blog HTTP/1.1" 200 None
DEBUG:urllib3.connectionpool:Starting new HTTPS connection (1): www.accountingcoach.com:443
DEBUG:urllib3.connectionpool:Starting new HTTPS connection (1): www.accountingcoach.com:443
DEBUG:urllib3.connectionpool:https://www.accountingcoach.com:443 "GET /stockholders-equity/blog HTTP/1.1" 200 None
DEBUG:urllib3.connectionpool:https://www.accountingcoach.com:443 "GET /present-value-of-a-single-amount/blog HTTP/1.1" 200 None
DEBUG:urllib3.connectionpool:https://www.accountingcoach.com:443 "GET /bonds-payable/blog HTTP/1.1" 200 None
DEBUG:urllib3.connectionpool:https://www.accountingcoach.com:443 "GET /future-value-of-a-single-amount/blog HTTP/1.1" 200 None
DEBUG:urllib3.connectionpool:Starting new HTTPS connection (1): www.accountingcoach.com:443
DEBUG:urllib3.connectionpool:https://www.accountingcoach.com:443 "GET /present-value-of-an-ordinary-annuity/blog HTTP/1.1" 200 None
DEBUG:urllib3.connectionpool:Starting new HTTPS connection (1): www.accountingcoach.com:443
DEBUG:urllib3.connectionpool:Starting new HTTPS connection (1): www.accountingcoach.com:443
DEBUG:urllib3.connectionpool:Starting new HTTPS connection (1): www.accountingcoach.com:443
DEBUG:urllib3.connectionpool:https://www.accountingcoach.com:443 "GET /break-even-point/blog HTTP/1.1" 200 None
DEBUG:urllib3.connectionpool:Starting new HTTPS connection (1): www.accountingcoach.com:443
DEBUG:urllib3.connectionpool:Starting new HTTPS connection (1): www.accountingcoach.com:443
DEBUG:urllib3.connectionpool:https://www.accountingcoach.com:443 "GET /improving-profits/blog HTTP/1.1" 200 None
DEBUG:urllib3.connectionpool:https://www.accountingcoach.com:443 "GET /manufacturing-overhead/blog HTTP/1.1" 200 None
DEBUG:urllib3.connectionpool:https://www.accountingcoach.com:443 "GET /evaluating-business-investments/blog HTTP/1.1" 200 None
DEBUG:urllib3.connectionpool:Starting new HTTPS connection (1): www.accountingcoach.com:443
DEBUG:urllib3.connectionpool:Starting new HTTPS connection (1): www.accountingcoach.com:443
DEBUG:urllib3.connectionpool:Starting new HTTPS connection (1): www.accountingcoach.com:443
DEBUG:urllib3.connectionpool:https://www.accountingcoach.com:443 "GET /nonprofit-accounting/blog HTTP/1.1" 200 None
DEBUG:urllib3.connectionpool:Starting new HTTPS connection (1): www.accountingcoach.com:443
DEBUG:urllib3.connectionpool:https://www.accountingcoach.com:443 "GET /accounting-careers/blog HTTP/1.1" 200 None
DEBUG:urllib3.connectionpool:https://www.accountingcoach.com:443 "GET /standard-costing/blog HTTP/1.1" 200 None
DEBUG:urllib3.connectionpool:Starting new HTTPS connection (1): www.accountingcoach.com:443
DEBUG:urllib3.connectionpool:Starting new HTTPS connection (1): www.accountingcoach.com:443
DEBUG:urllib3.connectionpool:https://www.accountingcoach.com:443 "GET /calculations/blog HTTP/1.1" 200 None
DEBUG:urllib3.connectionpool:https://www.accountingcoach.com:443 "GET /working-capital/blog HTTP/1.1" 200 None
DEBUG:urllib3.connectionpool:https://www.accountingcoach.com:443 "GET /nonmanufacturing-overhead/blog HTTP/1.1" 200 None
DEBUG:urllib3.connectionpool:https://www.accountingcoach.com:443 "GET /activity-based-costing/blog HTTP/1.1" 200 None
DEBUG:urllib3.connectionpool:https://www.accountingcoach.com:443 "GET /cost-and-managerial-accounting/blog HTTP/1.1" 200 None
INFO:root:[Task: Account Coach]# of urls available: 3161
DEBUG:urllib3.connectionpool:Starting new HTTPS connection (1): www.readyratios.com:443
