DEBUG:urllib3.connectionpool:Starting new HTTPS connection (1): huggingface.co:443
DEBUG:urllib3.connectionpool:https://huggingface.co:443 "HEAD /iarfmoose/t5-base-question-generator/resolve/main/tokenizer_config.json HTTP/1.1" 200 0
DEBUG:urllib3.connectionpool:https://huggingface.co:443 "HEAD /iarfmoose/t5-base-question-generator/resolve/main/config.json HTTP/1.1" 200 0
DEBUG:tensorflow:Falling back to TensorFlow client; we recommended you install the Cloud TPU client directly with pip install cloud-tpu-client.
DEBUG:urllib3.connectionpool:https://huggingface.co:443 "HEAD /iarfmoose/t5-base-question-generator/resolve/main/model.safetensors HTTP/1.1" 404 0
DEBUG:urllib3.connectionpool:Starting new HTTPS connection (1): huggingface.co:443
DEBUG:urllib3.connectionpool:https://huggingface.co:443 "GET /api/models/iarfmoose/t5-base-question-generator HTTP/1.1" 200 1524
DEBUG:urllib3.connectionpool:https://huggingface.co:443 "HEAD /iarfmoose/t5-base-question-generator/resolve/main/generation_config.json HTTP/1.1" 404 0
DEBUG:urllib3.connectionpool:https://huggingface.co:443 "HEAD /iarfmoose/bert-base-cased-qa-evaluator/resolve/main/tokenizer_config.json HTTP/1.1" 200 0
DEBUG:urllib3.connectionpool:https://huggingface.co:443 "GET /api/models/iarfmoose/t5-base-question-generator/commits/main HTTP/1.1" 200 3841
DEBUG:urllib3.connectionpool:https://huggingface.co:443 "HEAD /iarfmoose/bert-base-cased-qa-evaluator/resolve/main/config.json HTTP/1.1" 200 0
DEBUG:urllib3.connectionpool:https://huggingface.co:443 "GET /api/models/iarfmoose/t5-base-question-generator/discussions?p=0 HTTP/1.1" 200 600
DEBUG:urllib3.connectionpool:https://huggingface.co:443 "HEAD /iarfmoose/bert-base-cased-qa-evaluator/resolve/main/model.safetensors HTTP/1.1" 404 0
DEBUG:urllib3.connectionpool:Starting new HTTPS connection (1): huggingface.co:443
DEBUG:urllib3.connectionpool:https://huggingface.co:443 "GET /api/models/iarfmoose/t5-base-question-generator/commits/refs%2Fpr%2F1 HTTP/1.1" 200 4146
INFO:root:Start generating 1661 questions
DEBUG:urllib3.connectionpool:Starting new HTTPS connection (1): safetensors-convert.hf.space:443
DEBUG:urllib3.connectionpool:https://huggingface.co:443 "GET /api/models/iarfmoose/bert-base-cased-qa-evaluator HTTP/1.1" 200 1405
DEBUG:urllib3.connectionpool:https://huggingface.co:443 "GET /api/models/iarfmoose/bert-base-cased-qa-evaluator/commits/main HTTP/1.1" 200 3019
DEBUG:urllib3.connectionpool:https://huggingface.co:443 "GET /api/models/iarfmoose/bert-base-cased-qa-evaluator/discussions?p=0 HTTP/1.1" 200 1082
INFO:root:1 questions are generated
DEBUG:urllib3.connectionpool:https://huggingface.co:443 "GET /api/models/iarfmoose/bert-base-cased-qa-evaluator/commits/refs%2Fpr%2F2 HTTP/1.1" 200 3984
DEBUG:urllib3.connectionpool:Starting new HTTPS connection (1): safetensors-convert.hf.space:443
DEBUG:urllib3.connectionpool:https://safetensors-convert.hf.space:443 "POST /call/run HTTP/1.1" 200 47
DEBUG:urllib3.connectionpool:Starting new HTTPS connection (1): safetensors-convert.hf.space:443
INFO:root:1 questions are generated
DEBUG:urllib3.connectionpool:https://safetensors-convert.hf.space:443 "POST /call/run HTTP/1.1" 200 47
DEBUG:urllib3.connectionpool:Starting new HTTPS connection (1): safetensors-convert.hf.space:443
DEBUG:urllib3.connectionpool:https://safetensors-convert.hf.space:443 "GET /call/run/dcbde866f7bf4391818ff97f9e58e753 HTTP/1.1" 200 None
DEBUG:urllib3.connectionpool:https://huggingface.co:443 "GET /api/models/iarfmoose/t5-base-question-generator/commits/main HTTP/1.1" 200 3841
DEBUG:urllib3.connectionpool:https://huggingface.co:443 "GET /api/models/iarfmoose/t5-base-question-generator/discussions?p=0 HTTP/1.1" 200 600
INFO:root:1 questions are generated
DEBUG:urllib3.connectionpool:https://huggingface.co:443 "GET /api/models/iarfmoose/t5-base-question-generator/commits/refs%2Fpr%2F1 HTTP/1.1" 200 4146
DEBUG:urllib3.connectionpool:https://safetensors-convert.hf.space:443 "GET /call/run/959611ed2a854204b48f8ef70f82b16a HTTP/1.1" 200 None
DEBUG:urllib3.connectionpool:https://huggingface.co:443 "HEAD /iarfmoose/t5-base-question-generator/resolve/refs%2Fpr%2F1/model.safetensors.index.json HTTP/1.1" 404 0
DEBUG:urllib3.connectionpool:https://huggingface.co:443 "GET /api/models/iarfmoose/bert-base-cased-qa-evaluator/commits/main HTTP/1.1" 200 3019
DEBUG:urllib3.connectionpool:https://huggingface.co:443 "HEAD /iarfmoose/t5-base-question-generator/resolve/refs%2Fpr%2F1/model.safetensors HTTP/1.1" 302 0
DEBUG:urllib3.connectionpool:https://huggingface.co:443 "GET /api/models/iarfmoose/bert-base-cased-qa-evaluator/discussions?p=0 HTTP/1.1" 200 1082
DEBUG:urllib3.connectionpool:https://huggingface.co:443 "GET /api/models/iarfmoose/bert-base-cased-qa-evaluator/commits/refs%2Fpr%2F2 HTTP/1.1" 200 3984
INFO:root:1 questions are generated
DEBUG:urllib3.connectionpool:https://huggingface.co:443 "HEAD /iarfmoose/bert-base-cased-qa-evaluator/resolve/refs%2Fpr%2F2/model.safetensors.index.json HTTP/1.1" 404 0
DEBUG:urllib3.connectionpool:https://huggingface.co:443 "HEAD /iarfmoose/bert-base-cased-qa-evaluator/resolve/refs%2Fpr%2F2/model.safetensors HTTP/1.1" 302 0
INFO:root:1 questions are generated
INFO:root:Start generating 1719 questions
INFO:root:1 questions are generated
INFO:root:0 questions are generated
INFO:root:1 questions are generated
INFO:root:1 questions are generated
INFO:root:1 questions are generated
INFO:root:Start generating 805 questions
INFO:root:1 questions are generated
INFO:root:1 questions are generated
INFO:root:1 questions are generated
INFO:root:1 questions are generated
INFO:root:1 questions are generated
